<?xml version="1.0" encoding="UTF-8"?>
<testng-results skipped="0" failed="0" ignored="0" total="2" passed="2">
  <reporter-output>
  </reporter-output>
  <suite name="Default suite" duration-ms="2379" started-at="2022-06-22T23:25:53Z" finished-at="2022-06-22T23:25:55Z">
    <groups>
    </groups>
    <test name="Default test" duration-ms="2379" started-at="2022-06-22T23:25:53Z" finished-at="2022-06-22T23:25:55Z">
      <class name="testCase.CreateNewProduct">
        <test-method status="PASS" signature="createAProduct()[pri:0, instance:testCase.CreateNewProduct@78aab498]" name="createAProduct" duration-ms="1434" started-at="2022-06-22T23:25:53Z" finished-at="2022-06-22T23:25:54Z">
          <reporter-output>
          </reporter-output>
        </test-method> <!-- createAProduct -->
        <test-method status="PASS" signature="readProductID()[pri:2, instance:testCase.CreateNewProduct@78aab498]" name="readProductID" duration-ms="931" started-at="2022-06-22T23:25:54Z" finished-at="2022-06-22T23:25:55Z">
          <reporter-output>
          </reporter-output>
        </test-method> <!-- readProductID -->
      </class> <!-- testCase.CreateNewProduct -->
    </test> <!-- Default test -->
  </suite> <!-- Default suite -->
</testng-results>
